# JRE version: OpenJDK Runtime Environment (8.0_212) (build 1.8.0_212-release-1586-b4-5784211)
# Java VM: OpenJDK 64-Bit Server VM (25.212-b4-5784211 mixed mode linux-amd64 compressed oops)
Heap:
 PSYoungGen      total 281088K, used 108323K [0x00000000e0000000, 0x00000000fa800000, 0x0000000100000000)
  eden space 206848K, 16% used [0x00000000e0000000,0x00000000e2150090,0x00000000eca00000)
  from space 74240K, 99% used [0x00000000f2980000,0x00000000f71f8d68,0x00000000f7200000)
  to   space 97792K, 0% used [0x00000000eca00000,0x00000000eca00000,0x00000000f2980000)
 ParOldGen       total 287232K, used 174142K [0x00000000a0000000, 0x00000000b1880000, 0x00000000e0000000)
  object space 287232K, 60% used [0x00000000a0000000,0x00000000aaa0f8f8,0x00000000b1880000)
 Metaspace       used 84711K, capacity 88292K, committed 88488K, reserved 1126400K
  class space    used 11212K, capacity 11911K, committed 11944K, reserved 1048576K
GC Heap History (10 events):
Event: 159.912 GC heap before
{Heap before GC invocations=33 (full 4):
 PSYoungGen      total 223744K, used 222212K [0x00000000e0000000, 0x00000000f1b00000, 0x0000000100000000)
  eden space 179712K, 100% used [0x00000000e0000000,0x00000000eaf80000,0x00000000eaf80000)
  from space 44032K, 96% used [0x00000000ee100000,0x00000000f0a813c0,0x00000000f0c00000)
  to   space 50688K, 0% used [0x00000000eaf80000,0x00000000eaf80000,0x00000000ee100000)
 ParOldGen       total 221696K, used 139299K [0x00000000a0000000, 0x00000000ad880000, 0x00000000e0000000)
  object space 221696K, 62% used [0x00000000a0000000,0x00000000a8808e18,0x00000000ad880000)
 Metaspace       used 83905K, capacity 87206K, committed 87464K, reserved 1124352K
  class space    used 11172K, capacity 11840K, committed 11944K, reserved 1048576K
Event: 160.185 GC heap after
Heap after GC invocations=33 (full 4):
 PSYoungGen      total 230400K, used 50681K [0x00000000e0000000, 0x00000000f5c00000, 0x0000000100000000)
  eden space 179712K, 0% used [0x00000000e0000000,0x00000000e0000000,0x00000000eaf80000)
  from space 50688K, 99% used [0x00000000eaf80000,0x00000000ee0fe718,0x00000000ee100000)
  to   space 75776K, 0% used [0x00000000f1200000,0x00000000f1200000,0x00000000f5c00000)
 ParOldGen       total 221696K, used 184520K [0x00000000a0000000, 0x00000000ad880000, 0x00000000e0000000)
  object space 221696K, 83% used [0x00000000a0000000,0x00000000ab4323e0,0x00000000ad880000)
 Metaspace       used 83905K, capacity 87206K, committed 87464K, reserved 1124352K
  class space    used 11172K, capacity 11840K, committed 11944K, reserved 1048576K
}
Event: 160.185 GC heap before
{Heap before GC invocations=34 (full 5):
 PSYoungGen      total 230400K, used 50681K [0x00000000e0000000, 0x00000000f5c00000, 0x0000000100000000)
  eden space 179712K, 0% used [0x00000000e0000000,0x00000000e0000000,0x00000000eaf80000)
  from space 50688K, 99% used [0x00000000eaf80000,0x00000000ee0fe718,0x00000000ee100000)
  to   space 75776K, 0% used [0x00000000f1200000,0x00000000f1200000,0x00000000f5c00000)
 ParOldGen       total 221696K, used 184520K [0x00000000a0000000, 0x00000000ad880000, 0x00000000e0000000)
  object space 221696K, 83% used [0x00000000a0000000,0x00000000ab4323e0,0x00000000ad880000)
 Metaspace       used 83905K, capacity 87206K, committed 87464K, reserved 1124352K
  class space    used 11172K, capacity 11840K, committed 11944K, reserved 1048576K
Event: 161.386 GC heap after
Heap after GC invocations=34 (full 5):
 PSYoungGen      total 230400K, used 0K [0x00000000e0000000, 0x00000000f5c00000, 0x0000000100000000)
  eden space 179712K, 0% used [0x00000000e0000000,0x00000000e0000000,0x00000000eaf80000)
  from space 50688K, 0% used [0x00000000eaf80000,0x00000000eaf80000,0x00000000ee100000)
  to   space 75776K, 0% used [0x00000000f1200000,0x00000000f1200000,0x00000000f5c00000)
 ParOldGen       total 287232K, used 143116K [0x00000000a0000000, 0x00000000b1880000, 0x00000000e0000000)
  object space 287232K, 49% used [0x00000000a0000000,0x00000000a8bc3290,0x00000000b1880000)
 Metaspace       used 83905K, capacity 87206K, committed 87464K, reserved 1124352K
  class space    used 11172K, capacity 11840K, committed 11944K, reserved 1048576K
}
Event: 253.483 GC heap before
{Heap before GC invocations=35 (full 5):
 PSYoungGen      total 230400K, used 179712K [0x00000000e0000000, 0x00000000f5c00000, 0x0000000100000000)
  eden space 179712K, 100% used [0x00000000e0000000,0x00000000eaf80000,0x00000000eaf80000)
  from space 50688K, 0% used [0x00000000eaf80000,0x00000000eaf80000,0x00000000ee100000)
  to   space 75776K, 0% used [0x00000000f1200000,0x00000000f1200000,0x00000000f5c00000)
 ParOldGen       total 287232K, used 143116K [0x00000000a0000000, 0x00000000b1880000, 0x00000000e0000000)
  object space 287232K, 49% used [0x00000000a0000000,0x00000000a8bc3290,0x00000000b1880000)
 Metaspace       used 84292K, capacity 87870K, committed 87976K, reserved 1126400K
  class space    used 11203K, capacity 11896K, committed 11944K, reserved 1048576K
Event: 253.542 GC heap after
Heap after GC invocations=35 (full 5):
 PSYoungGen      total 269312K, used 24810K [0x00000000e0000000, 0x00000000f5200000, 0x0000000100000000)
  eden space 203776K, 0% used [0x00000000e0000000,0x00000000e0000000,0x00000000ec700000)
  from space 65536K, 37% used [0x00000000f1200000,0x00000000f2a3aa80,0x00000000f5200000)
  to   space 71168K, 0% used [0x00000000ec700000,0x00000000ec700000,0x00000000f0c80000)
 ParOldGen       total 287232K, used 143124K [0x00000000a0000000, 0x00000000b1880000, 0x00000000e0000000)
  object space 287232K, 49% used [0x00000000a0000000,0x00000000a8bc5290,0x00000000b1880000)
 Metaspace       used 84292K, capacity 87870K, committed 87976K, reserved 1126400K
  class space    used 11203K, capacity 11896K, committed 11944K, reserved 1048576K
}
Event: 255.769 GC heap before
{Heap before GC invocations=36 (full 5):
 PSYoungGen      total 269312K, used 228586K [0x00000000e0000000, 0x00000000f5200000, 0x0000000100000000)
  eden space 203776K, 100% used [0x00000000e0000000,0x00000000ec700000,0x00000000ec700000)
  from space 65536K, 37% used [0x00000000f1200000,0x00000000f2a3aa80,0x00000000f5200000)
  to   space 71168K, 0% used [0x00000000ec700000,0x00000000ec700000,0x00000000f0c80000)
 ParOldGen       total 287232K, used 143124K [0x00000000a0000000, 0x00000000b1880000, 0x00000000e0000000)
  object space 287232K, 49% used [0x00000000a0000000,0x00000000a8bc5290,0x00000000b1880000)
 Metaspace       used 84698K, capacity 88288K, committed 88488K, reserved 1126400K
  class space    used 11212K, capacity 11911K, committed 11944K, reserved 1048576K
Event: 255.829 GC heap after
Heap after GC invocations=36 (full 5):
 PSYoungGen      total 274944K, used 46959K [0x00000000e0000000, 0x00000000f7200000, 0x0000000100000000)
  eden space 203776K, 0% used [0x00000000e0000000,0x00000000e0000000,0x00000000ec700000)
  from space 71168K, 65% used [0x00000000ec700000,0x00000000ef4dbfa8,0x00000000f0c80000)
  to   space 74240K, 0% used [0x00000000f2980000,0x00000000f2980000,0x00000000f7200000)
 ParOldGen       total 287232K, used 143132K [0x00000000a0000000, 0x00000000b1880000, 0x00000000e0000000)
  object space 287232K, 49% used [0x00000000a0000000,0x00000000a8bc7290,0x00000000b1880000)
 Metaspace       used 84698K, capacity 88288K, committed 88488K, reserved 1126400K
  class space    used 11212K, capacity 11911K, committed 11944K, reserved 1048576K
}
Event: 257.678 GC heap before
{Heap before GC invocations=37 (full 5):
 PSYoungGen      total 274944K, used 250735K [0x00000000e0000000, 0x00000000f7200000, 0x0000000100000000)
  eden space 203776K, 100% used [0x00000000e0000000,0x00000000ec700000,0x00000000ec700000)
  from space 71168K, 65% used [0x00000000ec700000,0x00000000ef4dbfa8,0x00000000f0c80000)
  to   space 74240K, 0% used [0x00000000f2980000,0x00000000f2980000,0x00000000f7200000)
 ParOldGen       total 287232K, used 143132K [0x00000000a0000000, 0x00000000b1880000, 0x00000000e0000000)
  object space 287232K, 49% used [0x00000000a0000000,0x00000000a8bc7290,0x00000000b1880000)
 Metaspace       used 84711K, capacity 88292K, committed 88488K, reserved 1126400K
  class space    used 11212K, capacity 11911K, committed 11944K, reserved 1048576K
Event: 257.899 GC heap after
Heap after GC invocations=37 (full 5):
 PSYoungGen      total 281088K, used 74211K [0x00000000e0000000, 0x00000000fa800000, 0x0000000100000000)
  eden space 206848K, 0% used [0x00000000e0000000,0x00000000e0000000,0x00000000eca00000)
  from space 74240K, 99% used [0x00000000f2980000,0x00000000f71f8d68,0x00000000f7200000)
  to   space 97792K, 0% used [0x00000000eca00000,0x00000000eca00000,0x00000000f2980000)
 ParOldGen       total 287232K, used 174142K [0x00000000a0000000, 0x00000000b1880000, 0x00000000e0000000)
  object space 287232K, 60% used [0x00000000a0000000,0x00000000aaa0f8f8,0x00000000b1880000)
 Metaspace       used 84711K, capacity 88292K, committed 88488K, reserved 1126400K
  class space    used 11212K, capacity 11911K, committed 11944K, reserved 1048576K
}

