# JRE version: OpenJDK Runtime Environment (8.0_212) (build 1.8.0_212-release-1586-b4-5784211)
# Java VM: OpenJDK 64-Bit Server VM (25.212-b4-5784211 mixed mode linux-amd64 compressed oops)
Heap:
 PSYoungGen      total 400896K, used 117945K [0x00000000e0000000, 0x00000000fff80000, 0x0000000100000000)
  eden space 280064K, 18% used [0x00000000e0000000,0x00000000e31dc188,0x00000000f1180000)
  from space 120832K, 55% used [0x00000000f8980000,0x00000000fcad23d8,0x00000000fff80000)
  to   space 121856K, 0% used [0x00000000f1180000,0x00000000f1180000,0x00000000f8880000)
 ParOldGen       total 237056K, used 187941K [0x00000000a0000000, 0x00000000ae780000, 0x00000000e0000000)
  object space 237056K, 79% used [0x00000000a0000000,0x00000000ab7894e0,0x00000000ae780000)
 Metaspace       used 95077K, capacity 101924K, committed 102184K, reserved 1138688K
  class space    used 12134K, capacity 13253K, committed 13352K, reserved 1048576K
GC Heap History (10 events):
Event: 2211.733 GC heap before
{Heap before GC invocations=49 (full 5):
 PSYoungGen      total 299008K, used 298606K [0x00000000e0000000, 0x00000000ff100000, 0x0000000100000000)
  eden space 262656K, 100% used [0x00000000e0000000,0x00000000f0080000,0x00000000f0080000)
  from space 36352K, 98% used [0x00000000f0080000,0x00000000f239b920,0x00000000f2400000)
  to   space 121856K, 0% used [0x00000000f7a00000,0x00000000f7a00000,0x00000000ff100000)
 ParOldGen       total 237056K, used 114724K [0x00000000a0000000, 0x00000000ae780000, 0x00000000e0000000)
  object space 237056K, 48% used [0x00000000a0000000,0x00000000a70090c0,0x00000000ae780000)
 Metaspace       used 94853K, capacity 101664K, committed 101928K, reserved 1138688K
  class space    used 12133K, capacity 13253K, committed 13352K, reserved 1048576K
Event: 2211.889 GC heap after
Heap after GC invocations=49 (full 5):
 PSYoungGen      total 382464K, used 75943K [0x00000000e0000000, 0x0000000100000000, 0x0000000100000000)
  eden space 260608K, 0% used [0x00000000e0000000,0x00000000e0000000,0x00000000efe80000)
  from space 121856K, 62% used [0x00000000f7a00000,0x00000000fc429ef8,0x00000000ff100000)
  to   space 126464K, 0% used [0x00000000efe80000,0x00000000efe80000,0x00000000f7a00000)
 ParOldGen       total 237056K, used 137689K [0x00000000a0000000, 0x00000000ae780000, 0x00000000e0000000)
  object space 237056K, 58% used [0x00000000a0000000,0x00000000a8676788,0x00000000ae780000)
 Metaspace       used 94853K, capacity 101664K, committed 101928K, reserved 1138688K
  class space    used 12133K, capacity 13253K, committed 13352K, reserved 1048576K
}
Event: 2351.093 GC heap before
{Heap before GC invocations=50 (full 5):
 PSYoungGen      total 382464K, used 336258K [0x00000000e0000000, 0x0000000100000000, 0x0000000100000000)
  eden space 260608K, 99% used [0x00000000e0000000,0x00000000efe36ba8,0x00000000efe80000)
  from space 121856K, 62% used [0x00000000f7a00000,0x00000000fc429ef8,0x00000000ff100000)
  to   space 126464K, 0% used [0x00000000efe80000,0x00000000efe80000,0x00000000f7a00000)
 ParOldGen       total 237056K, used 137689K [0x00000000a0000000, 0x00000000ae780000, 0x00000000e0000000)
  object space 237056K, 58% used [0x00000000a0000000,0x00000000a8676788,0x00000000ae780000)
 Metaspace       used 94936K, capacity 101792K, committed 101928K, reserved 1138688K
  class space    used 12133K, capacity 13253K, committed 13352K, reserved 1048576K
Event: 2351.213 GC heap after
Heap after GC invocations=50 (full 5):
 PSYoungGen      total 387072K, used 37034K [0x00000000e0000000, 0x00000000ff780000, 0x0000000100000000)
  eden space 260608K, 0% used [0x00000000e0000000,0x00000000e0000000,0x00000000efe80000)
  from space 126464K, 29% used [0x00000000efe80000,0x00000000f22aaaa0,0x00000000f7a00000)
  to   space 119808K, 0% used [0x00000000f8280000,0x00000000f8280000,0x00000000ff780000)
 ParOldGen       total 237056K, used 147678K [0x00000000a0000000, 0x00000000ae780000, 0x00000000e0000000)
  object space 237056K, 62% used [0x00000000a0000000,0x00000000a9037af0,0x00000000ae780000)
 Metaspace       used 94936K, capacity 101792K, committed 101928K, reserved 1138688K
  class space    used 12133K, capacity 13253K, committed 13352K, reserved 1048576K
}
Event: 2352.825 GC heap before
{Heap before GC invocations=51 (full 5):
 PSYoungGen      total 387072K, used 289517K [0x00000000e0000000, 0x00000000ff780000, 0x0000000100000000)
  eden space 260608K, 96% used [0x00000000e0000000,0x00000000ef690a48,0x00000000efe80000)
  from space 126464K, 29% used [0x00000000efe80000,0x00000000f22aaaa0,0x00000000f7a00000)
  to   space 119808K, 0% used [0x00000000f8280000,0x00000000f8280000,0x00000000ff780000)
 ParOldGen       total 237056K, used 147678K [0x00000000a0000000, 0x00000000ae780000, 0x00000000e0000000)
  object space 237056K, 62% used [0x00000000a0000000,0x00000000a9037af0,0x00000000ae780000)
 Metaspace       used 94937K, capacity 101792K, committed 101928K, reserved 1138688K
  class space    used 12133K, capacity 13253K, committed 13352K, reserved 1048576K
Event: 2352.977 GC heap after
Heap after GC invocations=51 (full 5):
 PSYoungGen      total 392704K, used 73851K [0x00000000e0000000, 0x00000000fff80000, 0x0000000100000000)
  eden space 272896K, 0% used [0x00000000e0000000,0x00000000e0000000,0x00000000f0a80000)
  from space 119808K, 61% used [0x00000000f8280000,0x00000000fca9ed60,0x00000000ff780000)
  to   space 122880K, 0% used [0x00000000f0a80000,0x00000000f0a80000,0x00000000f8280000)
 ParOldGen       total 237056K, used 165120K [0x00000000a0000000, 0x00000000ae780000, 0x00000000e0000000)
  object space 237056K, 69% used [0x00000000a0000000,0x00000000aa140040,0x00000000ae780000)
 Metaspace       used 94937K, capacity 101792K, committed 101928K, reserved 1138688K
  class space    used 12133K, capacity 13253K, committed 13352K, reserved 1048576K
}
Event: 2421.985 GC heap before
{Heap before GC invocations=52 (full 5):
 PSYoungGen      total 392704K, used 346746K [0x00000000e0000000, 0x00000000fff80000, 0x0000000100000000)
  eden space 272896K, 99% used [0x00000000e0000000,0x00000000f0a7fc90,0x00000000f0a80000)
  from space 119808K, 61% used [0x00000000f8280000,0x00000000fca9ed60,0x00000000ff780000)
  to   space 122880K, 0% used [0x00000000f0a80000,0x00000000f0a80000,0x00000000f8280000)
 ParOldGen       total 237056K, used 165120K [0x00000000a0000000, 0x00000000ae780000, 0x00000000e0000000)
  object space 237056K, 69% used [0x00000000a0000000,0x00000000aa140040,0x00000000ae780000)
 Metaspace       used 95030K, capacity 101856K, committed 102184K, reserved 1138688K
  class space    used 12134K, capacity 13253K, committed 13352K, reserved 1048576K
Event: 2422.053 GC heap after
Heap after GC invocations=52 (full 5):
 PSYoungGen      total 395776K, used 15617K [0x00000000e0000000, 0x0000000100000000, 0x0000000100000000)
  eden space 272896K, 0% used [0x00000000e0000000,0x00000000e0000000,0x00000000f0a80000)
  from space 122880K, 12% used [0x00000000f0a80000,0x00000000f19c0590,0x00000000f8280000)
  to   space 121344K, 0% used [0x00000000f8980000,0x00000000f8980000,0x0000000100000000)
 ParOldGen       total 237056K, used 181133K [0x00000000a0000000, 0x00000000ae780000, 0x00000000e0000000)
  object space 237056K, 76% used [0x00000000a0000000,0x00000000ab0e35b0,0x00000000ae780000)
 Metaspace       used 95030K, capacity 101856K, committed 102184K, reserved 1138688K
  class space    used 12134K, capacity 13253K, committed 13352K, reserved 1048576K
}
Event: 2423.842 GC heap before
{Heap before GC invocations=53 (full 5):
 PSYoungGen      total 395776K, used 288513K [0x00000000e0000000, 0x0000000100000000, 0x0000000100000000)
  eden space 272896K, 100% used [0x00000000e0000000,0x00000000f0a80000,0x00000000f0a80000)
  from space 122880K, 12% used [0x00000000f0a80000,0x00000000f19c0590,0x00000000f8280000)
  to   space 121344K, 0% used [0x00000000f8980000,0x00000000f8980000,0x0000000100000000)
 ParOldGen       total 237056K, used 181133K [0x00000000a0000000, 0x00000000ae780000, 0x00000000e0000000)
  object space 237056K, 76% used [0x00000000a0000000,0x00000000ab0e35b0,0x00000000ae780000)
 Metaspace       used 95076K, capacity 101924K, committed 102184K, reserved 1138688K
  class space    used 12134K, capacity 13253K, committed 13352K, reserved 1048576K
Event: 2424.003 GC heap after
Heap after GC invocations=53 (full 5):
 PSYoungGen      total 400896K, used 66888K [0x00000000e0000000, 0x00000000fff80000, 0x0000000100000000)
  eden space 280064K, 0% used [0x00000000e0000000,0x00000000e0000000,0x00000000f1180000)
  from space 120832K, 55% used [0x00000000f8980000,0x00000000fcad23d8,0x00000000fff80000)
  to   space 121856K, 0% used [0x00000000f1180000,0x00000000f1180000,0x00000000f8880000)
 ParOldGen       total 237056K, used 187941K [0x00000000a0000000, 0x00000000ae780000, 0x00000000e0000000)
  object space 237056K, 79% used [0x00000000a0000000,0x00000000ab7894e0,0x00000000ae780000)
 Metaspace       used 95076K, capacity 101924K, committed 102184K, reserved 1138688K
  class space    used 12134K, capacity 13253K, committed 13352K, reserved 1048576K
}

