# JRE version: OpenJDK Runtime Environment (8.0_212) (build 1.8.0_212-release-1586-b4-5784211)
# Java VM: OpenJDK 64-Bit Server VM (25.212-b4-5784211 mixed mode linux-amd64 compressed oops)
Heap:
 PSYoungGen      total 201216K, used 177471K [0x00000000e0000000, 0x00000000ef280000, 0x0000000100000000)
  eden space 188416K, 94% used [0x00000000e0000000,0x00000000ead4fdb8,0x00000000eb800000)
  from space 12800K, 0% used [0x00000000eb800000,0x00000000eb800000,0x00000000ec480000)
  to   space 14336K, 0% used [0x00000000ee480000,0x00000000ee480000,0x00000000ef280000)
 ParOldGen       total 87040K, used 19459K [0x00000000a0000000, 0x00000000a5500000, 0x00000000e0000000)
  object space 87040K, 22% used [0x00000000a0000000,0x00000000a1300ec8,0x00000000a5500000)
 Metaspace       used 49989K, capacity 51600K, committed 51712K, reserved 1093632K
  class space    used 6744K, capacity 7152K, committed 7168K, reserved 1048576K
GC Heap History (10 events):
Event: 6.779 GC heap before
{Heap before GC invocations=5 (full 0):
 PSYoungGen      total 99840K, used 51742K [0x00000000e0000000, 0x00000000e6500000, 0x0000000100000000)
  eden space 96256K, 50% used [0x00000000e0000000,0x00000000e2f0b8a8,0x00000000e5e00000)
  from space 3584K, 99% used [0x00000000e6180000,0x00000000e64fc020,0x00000000e6500000)
  to   space 3584K, 0% used [0x00000000e5e00000,0x00000000e5e00000,0x00000000e6180000)
 ParOldGen       total 62976K, used 8973K [0x00000000a0000000, 0x00000000a3d80000, 0x00000000e0000000)
  object space 62976K, 14% used [0x00000000a0000000,0x00000000a08c37f0,0x00000000a3d80000)
 Metaspace       used 20708K, capacity 21184K, committed 21296K, reserved 1067008K
  class space    used 3012K, capacity 3169K, committed 3200K, reserved 1048576K
Event: 6.824 GC heap after
Heap after GC invocations=5 (full 0):
 PSYoungGen      total 99840K, used 3572K [0x00000000e0000000, 0x00000000ed300000, 0x0000000100000000)
  eden space 96256K, 0% used [0x00000000e0000000,0x00000000e0000000,0x00000000e5e00000)
  from space 3584K, 99% used [0x00000000e5e00000,0x00000000e617d040,0x00000000e6180000)
  to   space 11776K, 0% used [0x00000000ec780000,0x00000000ec780000,0x00000000ed300000)
 ParOldGen       total 62976K, used 14650K [0x00000000a0000000, 0x00000000a3d80000, 0x00000000e0000000)
  object space 62976K, 23% used [0x00000000a0000000,0x00000000a0e4e998,0x00000000a3d80000)
 Metaspace       used 20708K, capacity 21184K, committed 21296K, reserved 1067008K
  class space    used 3012K, capacity 3169K, committed 3200K, reserved 1048576K
}
Event: 6.825 GC heap before
{Heap before GC invocations=6 (full 1):
 PSYoungGen      total 99840K, used 3572K [0x00000000e0000000, 0x00000000ed300000, 0x0000000100000000)
  eden space 96256K, 0% used [0x00000000e0000000,0x00000000e0000000,0x00000000e5e00000)
  from space 3584K, 99% used [0x00000000e5e00000,0x00000000e617d040,0x00000000e6180000)
  to   space 11776K, 0% used [0x00000000ec780000,0x00000000ec780000,0x00000000ed300000)
 ParOldGen       total 62976K, used 14650K [0x00000000a0000000, 0x00000000a3d80000, 0x00000000e0000000)
  object space 62976K, 23% used [0x00000000a0000000,0x00000000a0e4e998,0x00000000a3d80000)
 Metaspace       used 20708K, capacity 21184K, committed 21296K, reserved 1067008K
  class space    used 3012K, capacity 3169K, committed 3200K, reserved 1048576K
Event: 6.928 GC heap after
Heap after GC invocations=6 (full 1):
 PSYoungGen      total 99840K, used 0K [0x00000000e0000000, 0x00000000ed300000, 0x0000000100000000)
  eden space 96256K, 0% used [0x00000000e0000000,0x00000000e0000000,0x00000000e5e00000)
  from space 3584K, 0% used [0x00000000e5e00000,0x00000000e5e00000,0x00000000e6180000)
  to   space 11776K, 0% used [0x00000000ec780000,0x00000000ec780000,0x00000000ed300000)
 ParOldGen       total 55296K, used 11114K [0x00000000a0000000, 0x00000000a3600000, 0x00000000e0000000)
  object space 55296K, 20% used [0x00000000a0000000,0x00000000a0ada818,0x00000000a3600000)
 Metaspace       used 20708K, capacity 21184K, committed 21296K, reserved 1067008K
  class space    used 3012K, capacity 3169K, committed 3200K, reserved 1048576K
}
Event: 9.004 GC heap before
{Heap before GC invocations=7 (full 1):
 PSYoungGen      total 99840K, used 96256K [0x00000000e0000000, 0x00000000ed300000, 0x0000000100000000)
  eden space 96256K, 100% used [0x00000000e0000000,0x00000000e5e00000,0x00000000e5e00000)
  from space 3584K, 0% used [0x00000000e5e00000,0x00000000e5e00000,0x00000000e6180000)
  to   space 11776K, 0% used [0x00000000ec780000,0x00000000ec780000,0x00000000ed300000)
 ParOldGen       total 55296K, used 11114K [0x00000000a0000000, 0x00000000a3600000, 0x00000000e0000000)
  object space 55296K, 20% used [0x00000000a0000000,0x00000000a0ada818,0x00000000a3600000)
 Metaspace       used 29836K, capacity 30460K, committed 30848K, reserved 1075200K
  class space    used 4133K, capacity 4355K, committed 4480K, reserved 1048576K
Event: 9.029 GC heap after
Heap after GC invocations=7 (full 1):
 PSYoungGen      total 155136K, used 9261K [0x00000000e0000000, 0x00000000ed100000, 0x0000000100000000)
  eden space 145408K, 0% used [0x00000000e0000000,0x00000000e0000000,0x00000000e8e00000)
  from space 9728K, 95% used [0x00000000ec780000,0x00000000ed08b680,0x00000000ed100000)
  to   space 12800K, 0% used [0x00000000eb800000,0x00000000eb800000,0x00000000ec480000)
 ParOldGen       total 55296K, used 11114K [0x00000000a0000000, 0x00000000a3600000, 0x00000000e0000000)
  object space 55296K, 20% used [0x00000000a0000000,0x00000000a0ada818,0x00000000a3600000)
 Metaspace       used 29836K, capacity 30460K, committed 30848K, reserved 1075200K
  class space    used 4133K, capacity 4355K, committed 4480K, reserved 1048576K
}
Event: 12.114 GC heap before
{Heap before GC invocations=8 (full 1):
 PSYoungGen      total 155136K, used 102633K [0x00000000e0000000, 0x00000000ed100000, 0x0000000100000000)
  eden space 145408K, 64% used [0x00000000e0000000,0x00000000e5b2f0f8,0x00000000e8e00000)
  from space 9728K, 95% used [0x00000000ec780000,0x00000000ed08b680,0x00000000ed100000)
  to   space 12800K, 0% used [0x00000000eb800000,0x00000000eb800000,0x00000000ec480000)
 ParOldGen       total 55296K, used 11114K [0x00000000a0000000, 0x00000000a3600000, 0x00000000e0000000)
  object space 55296K, 20% used [0x00000000a0000000,0x00000000a0ada818,0x00000000a3600000)
 Metaspace       used 34598K, capacity 35324K, committed 35496K, reserved 1079296K
  class space    used 4777K, capacity 4999K, committed 5120K, reserved 1048576K
Event: 12.164 GC heap after
Heap after GC invocations=8 (full 1):
 PSYoungGen      total 201216K, used 12121K [0x00000000e0000000, 0x00000000ef280000, 0x0000000100000000)
  eden space 188416K, 0% used [0x00000000e0000000,0x00000000e0000000,0x00000000eb800000)
  from space 12800K, 94% used [0x00000000eb800000,0x00000000ec3d6498,0x00000000ec480000)
  to   space 14336K, 0% used [0x00000000ee480000,0x00000000ee480000,0x00000000ef280000)
 ParOldGen       total 55296K, used 11122K [0x00000000a0000000, 0x00000000a3600000, 0x00000000e0000000)
  object space 55296K, 20% used [0x00000000a0000000,0x00000000a0adc818,0x00000000a3600000)
 Metaspace       used 34598K, capacity 35324K, committed 35496K, reserved 1079296K
  class space    used 4777K, capacity 4999K, committed 5120K, reserved 1048576K
}
Event: 12.164 GC heap before
{Heap before GC invocations=9 (full 2):
 PSYoungGen      total 201216K, used 12121K [0x00000000e0000000, 0x00000000ef280000, 0x0000000100000000)
  eden space 188416K, 0% used [0x00000000e0000000,0x00000000e0000000,0x00000000eb800000)
  from space 12800K, 94% used [0x00000000eb800000,0x00000000ec3d6498,0x00000000ec480000)
  to   space 14336K, 0% used [0x00000000ee480000,0x00000000ee480000,0x00000000ef280000)
 ParOldGen       total 55296K, used 11122K [0x00000000a0000000, 0x00000000a3600000, 0x00000000e0000000)
  object space 55296K, 20% used [0x00000000a0000000,0x00000000a0adc818,0x00000000a3600000)
 Metaspace       used 34598K, capacity 35324K, committed 35496K, reserved 1079296K
  class space    used 4777K, capacity 4999K, committed 5120K, reserved 1048576K
Event: 12.428 GC heap after
Heap after GC invocations=9 (full 2):
 PSYoungGen      total 201216K, used 0K [0x00000000e0000000, 0x00000000ef280000, 0x0000000100000000)
  eden space 188416K, 0% used [0x00000000e0000000,0x00000000e0000000,0x00000000eb800000)
  from space 12800K, 0% used [0x00000000eb800000,0x00000000eb800000,0x00000000ec480000)
  to   space 14336K, 0% used [0x00000000ee480000,0x00000000ee480000,0x00000000ef280000)
 ParOldGen       total 87040K, used 19459K [0x00000000a0000000, 0x00000000a5500000, 0x00000000e0000000)
  object space 87040K, 22% used [0x00000000a0000000,0x00000000a1300ec8,0x00000000a5500000)
 Metaspace       used 34598K, capacity 35324K, committed 35496K, reserved 1079296K
  class space    used 4777K, capacity 4999K, committed 5120K, reserved 1048576K
}

